[INFO  - 2018-07-31T07:37:48.650Z] GhostDriver - Main - running on port 53267
[INFO  - 2018-07-31T07:37:52.970Z] Session [a20cab10-9494-11e8-9e59-5135166d88ac] - page.settings - {"XSSAuditingEnabled":false,"javascriptCanCloseWindows":true,"javascriptCanOpenWindows":true,"javascriptEnabled":true,"loadImages":true,"localToRemoteUrlAccessEnabled":false,"userAgent":"Mozilla/5.0 (Windows NT 6.2; WOW64) AppleWebKit/538.1 (KHTML, like Gecko) PhantomJS/2.1.1 Safari/538.1","webSecurityEnabled":true}
[INFO  - 2018-07-31T07:37:52.970Z] Session [a20cab10-9494-11e8-9e59-5135166d88ac] - page.customHeaders:  - {}
[INFO  - 2018-07-31T07:37:52.970Z] Session [a20cab10-9494-11e8-9e59-5135166d88ac] - Session.negotiatedCapabilities - {"browserName":"phantomjs","version":"2.1.1","driverName":"ghostdriver","driverVersion":"1.2.0","platform":"windows-10-32bit","javascriptEnabled":true,"takesScreenshot":true,"handlesAlerts":false,"databaseEnabled":false,"locationContextEnabled":false,"applicationCacheEnabled":false,"browserConnectionEnabled":false,"cssSelectorsEnabled":true,"webStorageEnabled":false,"rotatable":false,"acceptSslCerts":false,"nativeEvents":true,"proxy":{"proxyType":"direct"}}
[INFO  - 2018-07-31T07:37:52.971Z] SessionManagerReqHand - _postNewSessionCommand - New Session Created: a20cab10-9494-11e8-9e59-5135166d88ac
[ERROR - 2018-07-31T07:37:57.913Z] Session [a20cab10-9494-11e8-9e59-5135166d88ac] - page.onError - msg: Server call for rubicon failed: . Continuing without bids.

  phantomjs://platform/console++.js:263 in error
[ERROR - 2018-07-31T07:37:57.914Z] Session [a20cab10-9494-11e8-9e59-5135166d88ac] - page.onError - stack:
  logError (http://i.cdn.turner.com/ads/adfuel/modules/prebid-1.15.0.js:3)

  phantomjs://platform/console++.js:263 in error
[ERROR - 2018-07-31T07:37:57.915Z] Session [a20cab10-9494-11e8-9e59-5135166d88ac] - page.onError - msg:   xhr timeout after  750 ms

  phantomjs://platform/console++.js:263 in error
[ERROR - 2018-07-31T07:37:57.915Z] Session [a20cab10-9494-11e8-9e59-5135166d88ac] - page.onError - stack:
  logError (http://i.cdn.turner.com/ads/adfuel/modules/prebid-1.15.0.js:3)

  phantomjs://platform/console++.js:263 in error
[ERROR - 2018-07-31T07:37:57.917Z] Session [a20cab10-9494-11e8-9e59-5135166d88ac] - page.onError - msg: Server call for rubicon failed: . Continuing without bids.

  phantomjs://platform/console++.js:263 in error
[ERROR - 2018-07-31T07:37:57.918Z] Session [a20cab10-9494-11e8-9e59-5135166d88ac] - page.onError - stack:
  logError (http://i.cdn.turner.com/ads/adfuel/modules/prebid-1.15.0.js:3)

  phantomjs://platform/console++.js:263 in error
[ERROR - 2018-07-31T07:37:57.921Z] Session [a20cab10-9494-11e8-9e59-5135166d88ac] - page.onError - msg:   xhr timeout after  750 ms

  phantomjs://platform/console++.js:263 in error
[ERROR - 2018-07-31T07:37:57.921Z] Session [a20cab10-9494-11e8-9e59-5135166d88ac] - page.onError - stack:
  logError (http://i.cdn.turner.com/ads/adfuel/modules/prebid-1.15.0.js:3)

  phantomjs://platform/console++.js:263 in error
[ERROR - 2018-07-31T07:38:02.942Z] Session [a20cab10-9494-11e8-9e59-5135166d88ac] - page.onError - msg: TypeError: undefined is not an object (evaluating 'detail.renderedSize[0]')

  phantomjs://platform/console++.js:263 in error
[ERROR - 2018-07-31T07:38:02.943Z] Session [a20cab10-9494-11e8-9e59-5135166d88ac] - page.onError - stack:
  (anonymous function) (http://stats.nba.com/player/201935/:1262)
  dispatchEvent (:0)
  (anonymous function) (https://s.cdn.turner.com/ads/nba2/adfuel.js:2516)
  (anonymous function) (https://securepubads.g.doubleclick.net/gpt/pubads_impl_235.js:1)
  y (https://securepubads.g.doubleclick.net/gpt/pubads_impl_235.js:1)
  $o (https://securepubads.g.doubleclick.net/gpt/pubads_impl_235.js:1)
  (anonymous function) (https://securepubads.g.doubleclick.net/gpt/pubads_impl_235.js:1)
  y (https://securepubads.g.doubleclick.net/gpt/pubads_impl_235.js:1)
  Pp (https://securepubads.g.doubleclick.net/gpt/pubads_impl_235.js:1)
  renderEnded (https://securepubads.g.doubleclick.net/gpt/pubads_impl_235.js:1)
  ay (https://securepubads.g.doubleclick.net/gpt/pubads_impl_rendering_235.js:1)
  iy (https://securepubads.g.doubleclick.net/gpt/pubads_impl_rendering_235.js:1)
  (anonymous function) (https://securepubads.g.doubleclick.net/gpt/pubads_impl_rendering_235.js:1)
  (anonymous function) (https://securepubads.g.doubleclick.net/gpt/pubads_impl_rendering_235.js:1)
  y (https://securepubads.g.doubleclick.net/gpt/pubads_impl_235.js:1)
  (anonymous function) (https://securepubads.g.doubleclick.net/gpt/pubads_impl_rendering_235.js:1)
  (anonymous function) (https://securepubads.g.doubleclick.net/gpt/pubads_impl_rendering_235.js:1)
  (anonymous function) (https://securepubads.g.doubleclick.net/gpt/pubads_impl_235.js:1)
  (anonymous function) (https://securepubads.g.doubleclick.net/gpt/pubads_impl_rendering_235.js:1)
  y (https://securepubads.g.doubleclick.net/gpt/pubads_impl_235.js:1)
  _ (https://securepubads.g.doubleclick.net/gpt/pubads_impl_rendering_235.js:1)
  (anonymous function) (https://securepubads.g.doubleclick.net/gpt/pubads_impl_235.js:1)
  (anonymous function) (https://securepubads.g.doubleclick.net/gpt/pubads_impl_235.js:1)

  phantomjs://platform/console++.js:263 in error
[ERROR - 2018-07-31T07:38:11.833Z] Session [a20cab10-9494-11e8-9e59-5135166d88ac] - page.onError - msg: TypeError: undefined is not an object (evaluating 'detail.renderedSize[0]')

  phantomjs://platform/console++.js:263 in error
[ERROR - 2018-07-31T07:38:11.833Z] Session [a20cab10-9494-11e8-9e59-5135166d88ac] - page.onError - stack:
  (anonymous function) (http://stats.nba.com/player/203076/:1262)
  dispatchEvent (:0)
  (anonymous function) (https://s.cdn.turner.com/ads/nba2/adfuel.js:2516)
  (anonymous function) (https://securepubads.g.doubleclick.net/gpt/pubads_impl_235.js:1)
  y (https://securepubads.g.doubleclick.net/gpt/pubads_impl_235.js:1)
  $o (https://securepubads.g.doubleclick.net/gpt/pubads_impl_235.js:1)
  (anonymous function) (https://securepubads.g.doubleclick.net/gpt/pubads_impl_235.js:1)
  y (https://securepubads.g.doubleclick.net/gpt/pubads_impl_235.js:1)
  Pp (https://securepubads.g.doubleclick.net/gpt/pubads_impl_235.js:1)
  renderEnded (https://securepubads.g.doubleclick.net/gpt/pubads_impl_235.js:1)
  ay (https://securepubads.g.doubleclick.net/gpt/pubads_impl_rendering_235.js:1)
  iy (https://securepubads.g.doubleclick.net/gpt/pubads_impl_rendering_235.js:1)
  (anonymous function) (https://securepubads.g.doubleclick.net/gpt/pubads_impl_rendering_235.js:1)
  (anonymous function) (https://securepubads.g.doubleclick.net/gpt/pubads_impl_rendering_235.js:1)
  y (https://securepubads.g.doubleclick.net/gpt/pubads_impl_235.js:1)
  (anonymous function) (https://securepubads.g.doubleclick.net/gpt/pubads_impl_rendering_235.js:1)
  (anonymous function) (https://securepubads.g.doubleclick.net/gpt/pubads_impl_rendering_235.js:1)
  (anonymous function) (https://securepubads.g.doubleclick.net/gpt/pubads_impl_235.js:1)
  Fa (https://securepubads.g.doubleclick.net/gpt/pubads_impl_235.js:1)
  (anonymous function) (https://securepubads.g.doubleclick.net/gpt/pubads_impl_235.js:1)
  (anonymous function) (https://securepubads.g.doubleclick.net/gpt/pubads_impl_235.js:1)
  (anonymous function) (https://securepubads.g.doubleclick.net/gpt/pubads_impl_235.js:1)
  (anonymous function) (https://securepubads.g.doubleclick.net/gpt/pubads_impl_235.js:1)

  phantomjs://platform/console++.js:263 in error
